<?xml version="1.0" encoding="UTF-8"?>
<testng-results ignored="0" total="1" passed="1" failed="0" skipped="0">
  <reporter-output>
  </reporter-output>
  <suite started-at="2024-08-13T12:33:54 IST" name="Default suite" finished-at="2024-08-13T12:34:33 IST" duration-ms="39178">
    <groups>
    </groups>
    <test started-at="2024-08-13T12:33:54 IST" name="Default test" finished-at="2024-08-13T12:34:33 IST" duration-ms="39178">
      <class name="com.mystore.testCases.EndToEndTestCase">
        <test-method is-config="true" signature="loadConfig()[pri:0, instance:com.mystore.testCases.EndToEndTestCase@732c2a62]" started-at="2024-08-13T12:33:54 IST" name="loadConfig" finished-at="2024-08-13T12:33:54 IST" duration-ms="10" status="PASS">
          <reporter-output>
          </reporter-output>
        </test-method> <!-- loadConfig -->
        <test-method is-config="true" signature="setup()[pri:0, instance:com.mystore.testCases.EndToEndTestCase@732c2a62]" started-at="2024-08-13T12:33:54 IST" name="setup" finished-at="2024-08-13T12:33:59 IST" duration-ms="5172" status="PASS">
          <reporter-output>
          </reporter-output>
        </test-method> <!-- setup -->
        <test-method signature="endToEndTest()[pri:0, instance:com.mystore.testCases.EndToEndTestCase@732c2a62]" started-at="2024-08-13T12:33:59 IST" name="endToEndTest" finished-at="2024-08-13T12:34:33 IST" duration-ms="33736" status="PASS">
          <reporter-output>
          </reporter-output>
        </test-method> <!-- endToEndTest -->
        <test-method is-config="true" signature="tearDown()[pri:0, instance:com.mystore.testCases.EndToEndTestCase@732c2a62]" started-at="2024-08-13T12:34:33 IST" name="tearDown" finished-at="2024-08-13T12:34:33 IST" duration-ms="231" status="PASS">
          <reporter-output>
          </reporter-output>
        </test-method> <!-- tearDown -->
      </class> <!-- com.mystore.testCases.EndToEndTestCase -->
    </test> <!-- Default test -->
  </suite> <!-- Default suite -->
</testng-results>
