<?xml version="1.0" encoding="UTF-8"?>
<testng-results ignored="0" total="1" passed="1" failed="0" skipped="0">
  <reporter-output>
  </reporter-output>
  <suite started-at="2024-08-16T12:54:02 IST" name="Suite" finished-at="2024-08-16T12:54:17 IST" duration-ms="15147">
    <groups>
    </groups>
    <test started-at="2024-08-16T12:54:02 IST" name="Test" finished-at="2024-08-16T12:54:17 IST" duration-ms="15147">
      <class name="com.mystore.testCases.SearchResultPageTestCase">
        <test-method is-config="true" signature="loadConfig()[pri:0, instance:com.mystore.testCases.SearchResultPageTestCase@120f102b]" started-at="2024-08-16T12:54:02 IST" name="loadConfig" finished-at="2024-08-16T12:54:02 IST" duration-ms="197" status="PASS">
          <reporter-output>
          </reporter-output>
        </test-method> <!-- loadConfig -->
        <test-method is-config="true" signature="setup(java.lang.String)[pri:0, instance:com.mystore.testCases.SearchResultPageTestCase@120f102b]" started-at="2024-08-16T12:54:03 IST" name="setup" finished-at="2024-08-16T12:54:09 IST" duration-ms="6128" status="PASS">
          <params>
            <param index="0">
              <value>
                <![CDATA[Chrome]]>
              </value>
            </param>
          </params>
          <reporter-output>
          </reporter-output>
        </test-method> <!-- setup -->
        <test-method signature="productAvialabilityTest(java.lang.String)[pri:0, instance:com.mystore.testCases.SearchResultPageTestCase@120f102b]" started-at="2024-08-16T12:54:09 IST" name="productAvialabilityTest" data-provider="searchProduct" finished-at="2024-08-16T12:54:17 IST" duration-ms="7516" status="PASS">
          <params>
            <param index="0">
              <value>
                <![CDATA[Printed Summer Dress]]>
              </value>
            </param>
          </params>
          <reporter-output>
          </reporter-output>
        </test-method> <!-- productAvialabilityTest -->
        <test-method is-config="true" signature="tearDown()[pri:0, instance:com.mystore.testCases.SearchResultPageTestCase@120f102b]" started-at="2024-08-16T12:54:17 IST" name="tearDown" finished-at="2024-08-16T12:54:17 IST" duration-ms="326" status="PASS">
          <reporter-output>
          </reporter-output>
        </test-method> <!-- tearDown -->
      </class> <!-- com.mystore.testCases.SearchResultPageTestCase -->
    </test> <!-- Test -->
  </suite> <!-- Suite -->
</testng-results>
